+ downgrade_python_binance
+ echo 'Downgrading python-binance to version 1.0.25...'
Downgrading python-binance to version 1.0.25...
+ pip install --upgrade python-binance==1.0.25
Requirement already satisfied: python-binance==1.0.25 in ./.venv/lib/python3.12/site-packages (1.0.25)
Requirement already satisfied: requests in ./.venv/lib/python3.12/site-packages (from python-binance==1.0.25) (2.32.3)
Requirement already satisfied: six in ./.venv/lib/python3.12/site-packages (from python-binance==1.0.25) (1.17.0)
Requirement already satisfied: dateparser in ./.venv/lib/python3.12/site-packages (from python-binance==1.0.25) (1.2.0)
Requirement already satisfied: aiohttp in ./.venv/lib/python3.12/site-packages (from python-binance==1.0.25) (3.10.11)
Requirement already satisfied: websockets in ./.venv/lib/python3.12/site-packages (from python-binance==1.0.25) (9.1)
Requirement already satisfied: pycryptodome in ./.venv/lib/python3.12/site-packages (from python-binance==1.0.25) (3.21.0)
Requirement already satisfied: aiohappyeyeballs>=2.3.0 in ./.venv/lib/python3.12/site-packages (from aiohttp->python-binance==1.0.25) (2.4.4)
Requirement already satisfied: aiosignal>=1.1.2 in ./.venv/lib/python3.12/site-packages (from aiohttp->python-binance==1.0.25) (1.3.2)
Requirement already satisfied: attrs>=17.3.0 in ./.venv/lib/python3.12/site-packages (from aiohttp->python-binance==1.0.25) (25.1.0)
Requirement already satisfied: frozenlist>=1.1.1 in ./.venv/lib/python3.12/site-packages (from aiohttp->python-binance==1.0.25) (1.5.0)
Requirement already satisfied: multidict<7.0,>=4.5 in ./.venv/lib/python3.12/site-packages (from aiohttp->python-binance==1.0.25) (6.1.0)
Requirement already satisfied: yarl<2.0,>=1.12.0 in ./.venv/lib/python3.12/site-packages (from aiohttp->python-binance==1.0.25) (1.18.3)
Requirement already satisfied: python-dateutil in ./.venv/lib/python3.12/site-packages (from dateparser->python-binance==1.0.25) (2.9.0.post0)
Requirement already satisfied: pytz in ./.venv/lib/python3.12/site-packages (from dateparser->python-binance==1.0.25) (2023.3)
Requirement already satisfied: regex!=2019.02.19,!=2021.8.27 in ./.venv/lib/python3.12/site-packages (from dateparser->python-binance==1.0.25) (2024.11.6)
Requirement already satisfied: tzlocal in ./.venv/lib/python3.12/site-packages (from dateparser->python-binance==1.0.25) (5.2)
Requirement already satisfied: charset-normalizer<4,>=2 in ./.venv/lib/python3.12/site-packages (from requests->python-binance==1.0.25) (3.4.1)
Requirement already satisfied: idna<4,>=2.5 in ./.venv/lib/python3.12/site-packages (from requests->python-binance==1.0.25) (3.10)
Requirement already satisfied: urllib3<3,>=1.21.1 in ./.venv/lib/python3.12/site-packages (from requests->python-binance==1.0.25) (2.3.0)
Requirement already satisfied: certifi>=2017.4.17 in ./.venv/lib/python3.12/site-packages (from requests->python-binance==1.0.25) (2024.12.14)
Requirement already satisfied: propcache>=0.2.0 in ./.venv/lib/python3.12/site-packages (from yarl<2.0,>=1.12.0->aiohttp->python-binance==1.0.25) (0.2.1)
+ echo 'python-binance downgraded to 1.0.25.'
python-binance downgraded to 1.0.25.
+ fix_trading_bot_py
+ echo 'Updating trading_bot.py to set client.https_proxy = {}...'
Updating trading_bot.py to set client.https_proxy = {}...
++ uname
+ OS_TYPE=Darwin
+ [[ Darwin == \D\a\r\w\i\n ]]
+ grep -q 'client.https_proxy = {}' trading_bot.py
+ echo ''\''client.https_proxy = {}'\'' is already present in trading_bot.py.'
'client.https_proxy = {}' is already present in trading_bot.py.
+ resolve_numpy_scipy_conflict
+ echo 'Resolving numpy and scipy dependency conflict...'
Resolving numpy and scipy dependency conflict...
++ pip show numpy
++ grep Version
++ awk '{print $2}'
+ INSTALLED_NUMPY_VERSION='1.26.4
3.1,
3,
Conveying
Revised'
+ echo 'Current numpy version: 1.26.4
3.1,
3,
Conveying
Revised'
Current numpy version: 1.26.4
3.1,
3,
Conveying
Revised
+ DESIRED_NUMPY_VERSION=1.26.4
+ [[ 1.26.4
3.1,
3,
Conveying
Revised == \2\.* ]]
++ echo '1.26.4
3.1,
3,
Conveying
Revised < 1.21.6'
++ bc
(standard_in) 1: parse error
(standard_in) 2: parse error
(standard_in) 3: parse error
(standard_in) 4: parse error
(standard_in) 5: illegal character: R
(standard_in) 5: parse error
+ [[ '' -eq 1 ]]
+ echo 'numpy version is compatible.'
numpy version is compatible.
+ REQUIRED_SCIPY_VERSION=1.11.2
++ pip show scipy
++ grep Version
++ awk '{print $2}'
+ INSTALLED_SCIPY_VERSION='1.11.2
3.1,
3,
Conveying
Revised'
+ [[ 1.11.2
3.1,
3,
Conveying
Revised != \1\.\1\1\.\2 ]]
+ echo 'Installing scipy version 1.11.2...'
Installing scipy version 1.11.2...
+ pip install scipy==1.11.2
Requirement already satisfied: scipy==1.11.2 in ./.venv/lib/python3.12/site-packages (1.11.2)
Requirement already satisfied: numpy<1.28.0,>=1.21.6 in ./.venv/lib/python3.12/site-packages (from scipy==1.11.2) (1.26.4)
+ echo 'scipy installed at version 1.11.2.'
scipy installed at version 1.11.2.
+ reinstall_dependencies
+ echo 'Reinstalling dependencies from requirements.txt...'
Reinstalling dependencies from requirements.txt...
+ pip install --force-reinstall -r requirements.txt
Collecting streamlit==1.15.0 (from -r requirements.txt (line 1))
  Using cached streamlit-1.15.0-py2.py3-none-any.whl.metadata (6.1 kB)
Collecting pandas==1.5.3 (from -r requirements.txt (line 2))
  Using cached pandas-1.5.3-cp312-cp312-macosx_12_0_x86_64.whl
Collecting plotly==5.15.0 (from -r requirements.txt (line 3))
  Using cached plotly-5.15.0-py2.py3-none-any.whl.metadata (7.0 kB)
Collecting pytz==2023.3 (from -r requirements.txt (line 4))
  Using cached pytz-2023.3-py2.py3-none-any.whl.metadata (22 kB)
Collecting numpy==1.26.4 (from -r requirements.txt (line 5))
  Using cached numpy-1.26.4-cp312-cp312-macosx_10_9_x86_64.whl.metadata (61 kB)
Collecting scipy==1.11.2 (from -r requirements.txt (line 6))
  Using cached scipy-1.11.2-cp312-cp312-macosx_10_9_x86_64.whl.metadata (54 kB)
Collecting altair>=3.2.0 (from streamlit==1.15.0->-r requirements.txt (line 1))
  Using cached altair-5.5.0-py3-none-any.whl.metadata (11 kB)
Collecting blinker>=1.0.0 (from streamlit==1.15.0->-r requirements.txt (line 1))
  Using cached blinker-1.9.0-py3-none-any.whl.metadata (1.6 kB)
Collecting cachetools>=4.0 (from streamlit==1.15.0->-r requirements.txt (line 1))
  Using cached cachetools-5.5.1-py3-none-any.whl.metadata (5.4 kB)
Collecting click>=7.0 (from streamlit==1.15.0->-r requirements.txt (line 1))
  Using cached click-8.1.8-py3-none-any.whl.metadata (2.3 kB)
Collecting importlib-metadata>=1.4 (from streamlit==1.15.0->-r requirements.txt (line 1))
  Using cached importlib_metadata-8.6.1-py3-none-any.whl.metadata (4.7 kB)
Collecting packaging>=14.1 (from streamlit==1.15.0->-r requirements.txt (line 1))
  Using cached packaging-24.2-py3-none-any.whl.metadata (3.2 kB)
Collecting pillow>=6.2.0 (from streamlit==1.15.0->-r requirements.txt (line 1))
  Using cached pillow-11.1.0-cp312-cp312-macosx_10_13_x86_64.whl.metadata (9.1 kB)
Collecting protobuf<4,>=3.12 (from streamlit==1.15.0->-r requirements.txt (line 1))
  Using cached protobuf-3.20.3-py2.py3-none-any.whl.metadata (720 bytes)
Collecting pyarrow>=4.0 (from streamlit==1.15.0->-r requirements.txt (line 1))
  Using cached pyarrow-19.0.0-cp312-cp312-macosx_12_0_x86_64.whl.metadata (3.3 kB)
Collecting pympler>=0.9 (from streamlit==1.15.0->-r requirements.txt (line 1))
  Using cached Pympler-1.1-py3-none-any.whl.metadata (3.6 kB)
Collecting python-dateutil (from streamlit==1.15.0->-r requirements.txt (line 1))
  Using cached python_dateutil-2.9.0.post0-py2.py3-none-any.whl.metadata (8.4 kB)
Collecting requests>=2.4 (from streamlit==1.15.0->-r requirements.txt (line 1))
  Using cached requests-2.32.3-py3-none-any.whl.metadata (4.6 kB)
Collecting rich>=10.11.0 (from streamlit==1.15.0->-r requirements.txt (line 1))
  Using cached rich-13.9.4-py3-none-any.whl.metadata (18 kB)
Collecting semver (from streamlit==1.15.0->-r requirements.txt (line 1))
  Using cached semver-3.0.4-py3-none-any.whl.metadata (6.8 kB)
Collecting toml (from streamlit==1.15.0->-r requirements.txt (line 1))
  Using cached toml-0.10.2-py2.py3-none-any.whl.metadata (7.1 kB)
Collecting typing-extensions>=3.10.0.0 (from streamlit==1.15.0->-r requirements.txt (line 1))
  Using cached typing_extensions-4.12.2-py3-none-any.whl.metadata (3.0 kB)
Collecting tzlocal>=1.1 (from streamlit==1.15.0->-r requirements.txt (line 1))
  Using cached tzlocal-5.2-py3-none-any.whl.metadata (7.8 kB)
Collecting validators>=0.2 (from streamlit==1.15.0->-r requirements.txt (line 1))
  Using cached validators-0.34.0-py3-none-any.whl.metadata (3.8 kB)
Collecting gitpython!=3.1.19 (from streamlit==1.15.0->-r requirements.txt (line 1))
  Using cached GitPython-3.1.44-py3-none-any.whl.metadata (13 kB)
Collecting pydeck>=0.1.dev5 (from streamlit==1.15.0->-r requirements.txt (line 1))
  Using cached pydeck-0.9.1-py2.py3-none-any.whl.metadata (4.1 kB)
Collecting tornado>=5.0 (from streamlit==1.15.0->-r requirements.txt (line 1))
  Using cached tornado-6.4.2-cp38-abi3-macosx_10_9_x86_64.whl.metadata (2.5 kB)
Collecting tenacity>=6.2.0 (from plotly==5.15.0->-r requirements.txt (line 3))
  Using cached tenacity-9.0.0-py3-none-any.whl.metadata (1.2 kB)
Collecting jinja2 (from altair>=3.2.0->streamlit==1.15.0->-r requirements.txt (line 1))
  Using cached jinja2-3.1.5-py3-none-any.whl.metadata (2.6 kB)
Collecting jsonschema>=3.0 (from altair>=3.2.0->streamlit==1.15.0->-r requirements.txt (line 1))
  Using cached jsonschema-4.23.0-py3-none-any.whl.metadata (7.9 kB)
Collecting narwhals>=1.14.2 (from altair>=3.2.0->streamlit==1.15.0->-r requirements.txt (line 1))
  Using cached narwhals-1.24.1-py3-none-any.whl.metadata (10.0 kB)
Collecting gitdb<5,>=4.0.1 (from gitpython!=3.1.19->streamlit==1.15.0->-r requirements.txt (line 1))
  Using cached gitdb-4.0.12-py3-none-any.whl.metadata (1.2 kB)
Collecting zipp>=3.20 (from importlib-metadata>=1.4->streamlit==1.15.0->-r requirements.txt (line 1))
  Using cached zipp-3.21.0-py3-none-any.whl.metadata (3.7 kB)
Collecting six>=1.5 (from python-dateutil->streamlit==1.15.0->-r requirements.txt (line 1))
  Using cached six-1.17.0-py2.py3-none-any.whl.metadata (1.7 kB)
Collecting charset-normalizer<4,>=2 (from requests>=2.4->streamlit==1.15.0->-r requirements.txt (line 1))
  Using cached charset_normalizer-3.4.1-cp312-cp312-macosx_10_13_universal2.whl.metadata (35 kB)
Collecting idna<4,>=2.5 (from requests>=2.4->streamlit==1.15.0->-r requirements.txt (line 1))
  Using cached idna-3.10-py3-none-any.whl.metadata (10 kB)
Collecting urllib3<3,>=1.21.1 (from requests>=2.4->streamlit==1.15.0->-r requirements.txt (line 1))
  Using cached urllib3-2.3.0-py3-none-any.whl.metadata (6.5 kB)
Collecting certifi>=2017.4.17 (from requests>=2.4->streamlit==1.15.0->-r requirements.txt (line 1))
  Using cached certifi-2024.12.14-py3-none-any.whl.metadata (2.3 kB)
Collecting markdown-it-py>=2.2.0 (from rich>=10.11.0->streamlit==1.15.0->-r requirements.txt (line 1))
  Using cached markdown_it_py-3.0.0-py3-none-any.whl.metadata (6.9 kB)
Collecting pygments<3.0.0,>=2.13.0 (from rich>=10.11.0->streamlit==1.15.0->-r requirements.txt (line 1))
  Using cached pygments-2.19.1-py3-none-any.whl.metadata (2.5 kB)
Collecting smmap<6,>=3.0.1 (from gitdb<5,>=4.0.1->gitpython!=3.1.19->streamlit==1.15.0->-r requirements.txt (line 1))
  Using cached smmap-5.0.2-py3-none-any.whl.metadata (4.3 kB)
Collecting MarkupSafe>=2.0 (from jinja2->altair>=3.2.0->streamlit==1.15.0->-r requirements.txt (line 1))
  Using cached MarkupSafe-3.0.2-cp312-cp312-macosx_10_13_universal2.whl.metadata (4.0 kB)
Collecting attrs>=22.2.0 (from jsonschema>=3.0->altair>=3.2.0->streamlit==1.15.0->-r requirements.txt (line 1))
  Using cached attrs-25.1.0-py3-none-any.whl.metadata (10 kB)
Collecting jsonschema-specifications>=2023.03.6 (from jsonschema>=3.0->altair>=3.2.0->streamlit==1.15.0->-r requirements.txt (line 1))
  Using cached jsonschema_specifications-2024.10.1-py3-none-any.whl.metadata (3.0 kB)
Collecting referencing>=0.28.4 (from jsonschema>=3.0->altair>=3.2.0->streamlit==1.15.0->-r requirements.txt (line 1))
  Using cached referencing-0.36.2-py3-none-any.whl.metadata (2.8 kB)
Collecting rpds-py>=0.7.1 (from jsonschema>=3.0->altair>=3.2.0->streamlit==1.15.0->-r requirements.txt (line 1))
  Using cached rpds_py-0.22.3-cp312-cp312-macosx_10_12_x86_64.whl.metadata (4.2 kB)
Collecting mdurl~=0.1 (from markdown-it-py>=2.2.0->rich>=10.11.0->streamlit==1.15.0->-r requirements.txt (line 1))
  Using cached mdurl-0.1.2-py3-none-any.whl.metadata (1.6 kB)
Using cached streamlit-1.15.0-py2.py3-none-any.whl (9.2 MB)
Using cached plotly-5.15.0-py2.py3-none-any.whl (15.5 MB)
Using cached pytz-2023.3-py2.py3-none-any.whl (502 kB)
Using cached numpy-1.26.4-cp312-cp312-macosx_10_9_x86_64.whl (20.3 MB)
Using cached scipy-1.11.2-cp312-cp312-macosx_10_9_x86_64.whl (36.9 MB)
Using cached altair-5.5.0-py3-none-any.whl (731 kB)
Using cached blinker-1.9.0-py3-none-any.whl (8.5 kB)
Using cached cachetools-5.5.1-py3-none-any.whl (9.5 kB)
Using cached click-8.1.8-py3-none-any.whl (98 kB)
Using cached GitPython-3.1.44-py3-none-any.whl (207 kB)
Using cached importlib_metadata-8.6.1-py3-none-any.whl (26 kB)
Using cached packaging-24.2-py3-none-any.whl (65 kB)
Using cached pillow-11.1.0-cp312-cp312-macosx_10_13_x86_64.whl (3.2 MB)
Using cached protobuf-3.20.3-py2.py3-none-any.whl (162 kB)
Using cached pyarrow-19.0.0-cp312-cp312-macosx_12_0_x86_64.whl (32.1 MB)
Using cached pydeck-0.9.1-py2.py3-none-any.whl (6.9 MB)
Using cached Pympler-1.1-py3-none-any.whl (165 kB)
Using cached python_dateutil-2.9.0.post0-py2.py3-none-any.whl (229 kB)
Using cached requests-2.32.3-py3-none-any.whl (64 kB)
Using cached rich-13.9.4-py3-none-any.whl (242 kB)
Using cached tenacity-9.0.0-py3-none-any.whl (28 kB)
Using cached tornado-6.4.2-cp38-abi3-macosx_10_9_x86_64.whl (434 kB)
Using cached typing_extensions-4.12.2-py3-none-any.whl (37 kB)
Using cached tzlocal-5.2-py3-none-any.whl (17 kB)
Using cached validators-0.34.0-py3-none-any.whl (43 kB)
Using cached semver-3.0.4-py3-none-any.whl (17 kB)
Using cached toml-0.10.2-py2.py3-none-any.whl (16 kB)
Using cached certifi-2024.12.14-py3-none-any.whl (164 kB)
Using cached charset_normalizer-3.4.1-cp312-cp312-macosx_10_13_universal2.whl (196 kB)
Using cached gitdb-4.0.12-py3-none-any.whl (62 kB)
Using cached idna-3.10-py3-none-any.whl (70 kB)
Using cached jinja2-3.1.5-py3-none-any.whl (134 kB)
Using cached jsonschema-4.23.0-py3-none-any.whl (88 kB)
Using cached markdown_it_py-3.0.0-py3-none-any.whl (87 kB)
Using cached narwhals-1.24.1-py3-none-any.whl (309 kB)
Using cached pygments-2.19.1-py3-none-any.whl (1.2 MB)
Using cached six-1.17.0-py2.py3-none-any.whl (11 kB)
Using cached urllib3-2.3.0-py3-none-any.whl (128 kB)
Using cached zipp-3.21.0-py3-none-any.whl (9.6 kB)
Using cached attrs-25.1.0-py3-none-any.whl (63 kB)
Using cached jsonschema_specifications-2024.10.1-py3-none-any.whl (18 kB)
Using cached MarkupSafe-3.0.2-cp312-cp312-macosx_10_13_universal2.whl (14 kB)
Using cached mdurl-0.1.2-py3-none-any.whl (10.0 kB)
Using cached referencing-0.36.2-py3-none-any.whl (26 kB)
Using cached rpds_py-0.22.3-cp312-cp312-macosx_10_12_x86_64.whl (352 kB)
Using cached smmap-5.0.2-py3-none-any.whl (24 kB)
Installing collected packages: pytz, zipp, validators, urllib3, tzlocal, typing-extensions, tornado, toml, tenacity, smmap, six, semver, rpds-py, pympler, pygments, pyarrow, protobuf, pillow, packaging, numpy, narwhals, mdurl, MarkupSafe, idna, click, charset-normalizer, certifi, cachetools, blinker, attrs, scipy, requests, referencing, python-dateutil, plotly, markdown-it-py, jinja2, importlib-metadata, gitdb, rich, pydeck, pandas, jsonschema-specifications, gitpython, jsonschema, altair, streamlit
  Attempting uninstall: pytz
    Found existing installation: pytz 2023.3
    Uninstalling pytz-2023.3:
      Successfully uninstalled pytz-2023.3
  Attempting uninstall: zipp
    Found existing installation: zipp 3.21.0
    Uninstalling zipp-3.21.0:
      Successfully uninstalled zipp-3.21.0
  Attempting uninstall: validators
    Found existing installation: validators 0.34.0
    Uninstalling validators-0.34.0:
      Successfully uninstalled validators-0.34.0
  Attempting uninstall: urllib3
    Found existing installation: urllib3 2.3.0
    Uninstalling urllib3-2.3.0:
      Successfully uninstalled urllib3-2.3.0
  Attempting uninstall: tzlocal
    Found existing installation: tzlocal 5.2
    Uninstalling tzlocal-5.2:
      Successfully uninstalled tzlocal-5.2
  Attempting uninstall: typing-extensions
    Found existing installation: typing_extensions 4.12.2
    Uninstalling typing_extensions-4.12.2:
      Successfully uninstalled typing_extensions-4.12.2
  Attempting uninstall: tornado
    Found existing installation: tornado 6.4.2
    Uninstalling tornado-6.4.2:
      Successfully uninstalled tornado-6.4.2
  Attempting uninstall: toml
    Found existing installation: toml 0.10.2
    Uninstalling toml-0.10.2:
      Successfully uninstalled toml-0.10.2
  Attempting uninstall: tenacity
    Found existing installation: tenacity 9.0.0
    Uninstalling tenacity-9.0.0:
      Successfully uninstalled tenacity-9.0.0
  Attempting uninstall: smmap
    Found existing installation: smmap 5.0.2
    Uninstalling smmap-5.0.2:
      Successfully uninstalled smmap-5.0.2
  Attempting uninstall: six
    Found existing installation: six 1.17.0
    Uninstalling six-1.17.0:
      Successfully uninstalled six-1.17.0
  Attempting uninstall: semver
    Found existing installation: semver 3.0.4
    Uninstalling semver-3.0.4:
      Successfully uninstalled semver-3.0.4
  Attempting uninstall: rpds-py
    Found existing installation: rpds-py 0.22.3
    Uninstalling rpds-py-0.22.3:
      Successfully uninstalled rpds-py-0.22.3
  Attempting uninstall: pympler
    Found existing installation: Pympler 1.1
    Uninstalling Pympler-1.1:
      Successfully uninstalled Pympler-1.1
  Attempting uninstall: pygments
    Found existing installation: Pygments 2.19.1
    Uninstalling Pygments-2.19.1:
      Successfully uninstalled Pygments-2.19.1
  Attempting uninstall: pyarrow
    Found existing installation: pyarrow 19.0.0
    Uninstalling pyarrow-19.0.0:
      Successfully uninstalled pyarrow-19.0.0
  Attempting uninstall: protobuf
    Found existing installation: protobuf 3.20.3
    Uninstalling protobuf-3.20.3:
      Successfully uninstalled protobuf-3.20.3
  Attempting uninstall: pillow
    Found existing installation: pillow 11.1.0
    Uninstalling pillow-11.1.0:
      Successfully uninstalled pillow-11.1.0
  Attempting uninstall: packaging
    Found existing installation: packaging 24.2
    Uninstalling packaging-24.2:
      Successfully uninstalled packaging-24.2
  Attempting uninstall: numpy
    Found existing installation: numpy 1.26.4
    Uninstalling numpy-1.26.4:
      Successfully uninstalled numpy-1.26.4
  Attempting uninstall: narwhals
    Found existing installation: narwhals 1.24.1
    Uninstalling narwhals-1.24.1:
      Successfully uninstalled narwhals-1.24.1
  Attempting uninstall: mdurl
    Found existing installation: mdurl 0.1.2
    Uninstalling mdurl-0.1.2:
      Successfully uninstalled mdurl-0.1.2
  Attempting uninstall: MarkupSafe
    Found existing installation: MarkupSafe 3.0.2
    Uninstalling MarkupSafe-3.0.2:
      Successfully uninstalled MarkupSafe-3.0.2
  Attempting uninstall: idna
    Found existing installation: idna 3.10
    Uninstalling idna-3.10:
      Successfully uninstalled idna-3.10
  Attempting uninstall: click
    Found existing installation: click 8.1.8
    Uninstalling click-8.1.8:
      Successfully uninstalled click-8.1.8
  Attempting uninstall: charset-normalizer
    Found existing installation: charset-normalizer 3.4.1
    Uninstalling charset-normalizer-3.4.1:
      Successfully uninstalled charset-normalizer-3.4.1
  Attempting uninstall: certifi
    Found existing installation: certifi 2024.12.14
    Uninstalling certifi-2024.12.14:
      Successfully uninstalled certifi-2024.12.14
  Attempting uninstall: cachetools
    Found existing installation: cachetools 5.5.1
    Uninstalling cachetools-5.5.1:
      Successfully uninstalled cachetools-5.5.1
  Attempting uninstall: blinker
    Found existing installation: blinker 1.9.0
    Uninstalling blinker-1.9.0:
      Successfully uninstalled blinker-1.9.0
  Attempting uninstall: attrs
    Found existing installation: attrs 25.1.0
    Uninstalling attrs-25.1.0:
      Successfully uninstalled attrs-25.1.0
  Attempting uninstall: scipy
    Found existing installation: scipy 1.11.2
    Uninstalling scipy-1.11.2:
      Successfully uninstalled scipy-1.11.2
  Attempting uninstall: requests
    Found existing installation: requests 2.32.3
    Uninstalling requests-2.32.3:
      Successfully uninstalled requests-2.32.3
  Attempting uninstall: referencing
    Found existing installation: referencing 0.36.2
    Uninstalling referencing-0.36.2:
      Successfully uninstalled referencing-0.36.2
  Attempting uninstall: python-dateutil
    Found existing installation: python-dateutil 2.9.0.post0
    Uninstalling python-dateutil-2.9.0.post0:
      Successfully uninstalled python-dateutil-2.9.0.post0
  Attempting uninstall: plotly
    Found existing installation: plotly 5.15.0
    Uninstalling plotly-5.15.0:
      Successfully uninstalled plotly-5.15.0
  Attempting uninstall: markdown-it-py
    Found existing installation: markdown-it-py 3.0.0
    Uninstalling markdown-it-py-3.0.0:
      Successfully uninstalled markdown-it-py-3.0.0
  Attempting uninstall: jinja2
    Found existing installation: Jinja2 3.1.5
    Uninstalling Jinja2-3.1.5:
      Successfully uninstalled Jinja2-3.1.5
  Attempting uninstall: importlib-metadata
    Found existing installation: importlib_metadata 8.6.1
    Uninstalling importlib_metadata-8.6.1:
      Successfully uninstalled importlib_metadata-8.6.1
  Attempting uninstall: gitdb
    Found existing installation: gitdb 4.0.12
    Uninstalling gitdb-4.0.12:
      Successfully uninstalled gitdb-4.0.12
  Attempting uninstall: rich
    Found existing installation: rich 13.9.4
    Uninstalling rich-13.9.4:
      Successfully uninstalled rich-13.9.4
  Attempting uninstall: pydeck
    Found existing installation: pydeck 0.9.1
    Uninstalling pydeck-0.9.1:
      Successfully uninstalled pydeck-0.9.1
  Attempting uninstall: pandas
    Found existing installation: pandas 1.5.3
    Uninstalling pandas-1.5.3:
      Successfully uninstalled pandas-1.5.3
  Attempting uninstall: jsonschema-specifications
    Found existing installation: jsonschema-specifications 2024.10.1
    Uninstalling jsonschema-specifications-2024.10.1:
      Successfully uninstalled jsonschema-specifications-2024.10.1
  Attempting uninstall: gitpython
    Found existing installation: GitPython 3.1.44
    Uninstalling GitPython-3.1.44:
      Successfully uninstalled GitPython-3.1.44
  Attempting uninstall: jsonschema
    Found existing installation: jsonschema 4.23.0
    Uninstalling jsonschema-4.23.0:
      Successfully uninstalled jsonschema-4.23.0
  Attempting uninstall: altair
    Found existing installation: altair 5.5.0
    Uninstalling altair-5.5.0:
      Successfully uninstalled altair-5.5.0
  Attempting uninstall: streamlit
    Found existing installation: streamlit 1.15.0
    Uninstalling streamlit-1.15.0:
      Successfully uninstalled streamlit-1.15.0
Successfully installed MarkupSafe-3.0.2 altair-5.5.0 attrs-25.1.0 blinker-1.9.0 cachetools-5.5.1 certifi-2024.12.14 charset-normalizer-3.4.1 click-8.1.8 gitdb-4.0.12 gitpython-3.1.44 idna-3.10 importlib-metadata-8.6.1 jinja2-3.1.5 jsonschema-4.23.0 jsonschema-specifications-2024.10.1 markdown-it-py-3.0.0 mdurl-0.1.2 narwhals-1.24.1 numpy-1.26.4 packaging-24.2 pandas-1.5.3 pillow-11.1.0 plotly-5.15.0 protobuf-3.20.3 pyarrow-19.0.0 pydeck-0.9.1 pygments-2.19.1 pympler-1.1 python-dateutil-2.9.0.post0 pytz-2023.3 referencing-0.36.2 requests-2.32.3 rich-13.9.4 rpds-py-0.22.3 scipy-1.11.2 semver-3.0.4 six-1.17.0 smmap-5.0.2 streamlit-1.15.0 tenacity-9.0.0 toml-0.10.2 tornado-6.4.2 typing-extensions-4.12.2 tzlocal-5.2 urllib3-2.3.0 validators-0.34.0 zipp-3.21.0
+ echo 'Dependencies reinstalled.'
Dependencies reinstalled.
+ restart_trading_bot
+ echo 'Restarting the trading bot...'
Restarting the trading bot...
++ pgrep -f trading_bot.py
+ BOT_PIDS=
