{"asctime": "2025-01-28 00:46:54,649", "levelname": "DEBUG", "name": "SuperBotProduction", "message": "Detected python-binance version: 1.0.27", "taskName": null}
{"asctime": "2025-01-28 00:46:54,651", "levelname": "DEBUG", "name": "SuperBotProduction", "message": "Imported BinanceSocketManager from: binance \u2014 1.0.x (callback-based)", "taskName": null}
{"asctime": "2025-01-28 00:46:54,701", "levelname": "INFO", "name": "SuperBotProduction", "message": "Configuration file '/Users/gorkemberkeyuksel/CryptoLion/config.json' loaded successfully.", "taskName": null}
{"asctime": "2025-01-28 00:46:54,702", "levelname": "INFO", "name": "SuperBotProduction", "message": "Configuration validation passed successfully.", "taskName": null}
{"asctime": "2025-01-28 00:46:55,525", "levelname": "INFO", "name": "SuperBotProduction", "message": "Binance Server Time: {'serverTime': 1738014415382}", "taskName": null}
{"asctime": "2025-01-28 00:46:56,786", "levelname": "ERROR", "name": "SuperBotProduction", "message": "\u001b[31mUnexpected error in main loop: 'BinanceSocketManager' object has no attribute 'start_symbol_ticker_socket'\u001b[0m", "taskName": null}
{"asctime": "2025-01-28 00:46:56,787", "levelname": "INFO", "name": "SuperBotProduction", "message": "\u001b[34mShutting down SuperBot gracefully...\u001b[0m", "taskName": null}
{"asctime": "2025-01-28 00:46:56,787", "levelname": "INFO", "name": "SuperBotProduction", "message": "\u001b[34mSuperBot shut down.\u001b[0m", "taskName": null}
{"asctime": "2025-01-28 00:50:26,589", "levelname": "DEBUG", "name": "SuperBotProduction", "message": "Detected python-binance version: 1.0.27", "taskName": null}
{"asctime": "2025-01-28 00:50:26,591", "levelname": "DEBUG", "name": "SuperBotProduction", "message": "Imported BinanceSocketManager from: binance \u2014 1.0.x (callback-based)", "taskName": null}
{"asctime": "2025-01-28 00:50:26,654", "levelname": "INFO", "name": "SuperBotProduction", "message": "Configuration file '/Users/gorkemberkeyuksel/CryptoLion/config.json' loaded successfully.", "taskName": null}
{"asctime": "2025-01-28 00:50:26,658", "levelname": "INFO", "name": "SuperBotProduction", "message": "Configuration validation passed successfully.", "taskName": null}
{"asctime": "2025-01-28 00:50:27,489", "levelname": "INFO", "name": "SuperBotProduction", "message": "Binance Server Time: {'serverTime': 1738014627306}", "taskName": null}
{"asctime": "2025-01-28 00:50:28,610", "levelname": "ERROR", "name": "SuperBotProduction", "message": "\u001b[31mUnexpected error in main loop: 'EnhancedTradingBot' object has no attribute 'start_symbol_sockets'\u001b[0m", "taskName": null}
{"asctime": "2025-01-28 01:02:09,977", "levelname": "DEBUG", "name": "SuperBotProduction", "message": "Detected python-binance version: 1.0.27", "taskName": null}
{"asctime": "2025-01-28 01:02:10,038", "levelname": "INFO", "name": "SuperBotProduction", "message": "Configuration file '/Users/gorkemberkeyuksel/CryptoLion/config.json' loaded successfully.", "taskName": null}
{"asctime": "2025-01-28 01:02:10,042", "levelname": "INFO", "name": "SuperBotProduction", "message": "Configuration validation passed successfully.", "taskName": null}
{"asctime": "2025-01-28 01:02:10,935", "levelname": "INFO", "name": "SuperBotProduction", "message": "Binance Server Time: {'serverTime': 1738015330931}", "taskName": null}
{"asctime": "2025-01-28 01:02:11,858", "levelname": "ERROR", "name": "SuperBotProduction", "message": "Unexpected error in main loop: 'BinanceSocketManager' object has no attribute 'start_futures_symbol_ticker_socket'", "exc_info": "Traceback (most recent call last):\n  File \"/Users/gorkemberkeyuksel/CryptoLion/main.py\", line 525, in main\n    bot.start_trading(symbols)\n  File \"/Users/gorkemberkeyuksel/CryptoLion/main.py\", line 498, in start_trading\n    self.start_symbol_sockets(symbols)\n  File \"/Users/gorkemberkeyuksel/CryptoLion/main.py\", line 433, in start_symbol_sockets\n    self.bsm.start_futures_symbol_ticker_socket(ticker_callback, sym)\n    ^^^^^^^^^^^^^^^^^^^^^^^^^^^^^^^^^^^^^^^^^^^\nAttributeError: 'BinanceSocketManager' object has no attribute 'start_futures_symbol_ticker_socket'", "taskName": null}
{"asctime": "2025-01-28 01:02:11,874", "levelname": "INFO", "name": "SuperBotProduction", "message": "\u001b[34mShutting down SuperBot gracefully...\u001b[0m", "taskName": null}
{"asctime": "2025-01-28 01:02:11,874", "levelname": "INFO", "name": "SuperBotProduction", "message": "\u001b[34mSuperBot shut down.\u001b[0m", "taskName": null}
{"asctime": "2025-01-28 01:15:43,569", "levelname": "DEBUG", "name": "SuperBotProduction", "message": "Detected python-binance version: 1.0.27", "taskName": null}
{"asctime": "2025-01-28 01:15:43,698", "levelname": "INFO", "name": "SuperBotProduction", "message": "Configuration file '/Users/gorkemberkeyuksel/CryptoLion/config.json' loaded successfully.", "taskName": null}
{"asctime": "2025-01-28 01:15:43,701", "levelname": "INFO", "name": "SuperBotProduction", "message": "Configuration validation passed successfully.", "taskName": null}
{"asctime": "2025-01-28 01:15:44,462", "levelname": "INFO", "name": "SuperBotProduction", "message": "Binance Server Time: {'serverTime': 1738016144548}", "taskName": null}
{"asctime": "2025-01-28 01:25:38,600", "levelname": "DEBUG", "name": "SuperBotProduction", "message": "Detected python-binance version: 1.0.27", "taskName": null}
{"asctime": "2025-01-28 01:25:38,708", "levelname": "INFO", "name": "SuperBotProduction", "message": "Configuration file '/Users/gorkemberkeyuksel/CryptoLion/config.json' loaded successfully.", "taskName": null}
{"asctime": "2025-01-28 01:25:38,712", "levelname": "INFO", "name": "SuperBotProduction", "message": "Configuration validation passed successfully.", "taskName": null}
{"asctime": "2025-01-28 01:25:39,482", "levelname": "INFO", "name": "SuperBotProduction", "message": "Binance Server Time: {'serverTime': 1738016739587}", "taskName": null}
{"asctime": "2025-01-28 01:25:40,577", "levelname": "ERROR", "name": "SuperBotProduction", "message": "\u001b[31mUnexpected error in main loop: 'BinanceSocketManager' object has no attribute 'start_futures_ticker_socket'\u001b[0m", "exc_info": "Traceback (most recent call last):\n  File \"/Users/gorkemberkeyuksel/CryptoLion/main.py\", line 705, in main\n    bot.start_trading(symbols)\n  File \"/Users/gorkemberkeyuksel/CryptoLion/main.py\", line 681, in start_trading\n    self.start_symbol_sockets(symbols)\n  File \"/Users/gorkemberkeyuksel/CryptoLion/main.py\", line 634, in start_symbol_sockets\n    self.bsm.start_futures_ticker_socket(ticker_callback, symbol=sym)\n    ^^^^^^^^^^^^^^^^^^^^^^^^^^^^^^^^^^^^\nAttributeError: 'BinanceSocketManager' object has no attribute 'start_futures_ticker_socket'. Did you mean: 'futures_ticker_socket'?", "taskName": null}
{"asctime": "2025-01-28 01:25:40,593", "levelname": "INFO", "name": "SuperBotProduction", "message": "\u001b[34mShutting down SuperBot gracefully...\u001b[0m", "taskName": null}
{"asctime": "2025-01-28 01:25:40,594", "levelname": "INFO", "name": "SuperBotProduction", "message": "\u001b[34mSuperBot shut down.\u001b[0m", "taskName": null}
